2025-12-31 03:19:18 +00:00: 
2025-12-31 03:19:18 +00:00: > ordem-inedita-landing@0.1.0 start
2025-12-31 03:19:18 +00:00: > next start
2025-12-31 03:19:18 +00:00: 
2025-12-31 03:19:19 +00:00: 
2025-12-31 03:19:19 +00:00: > ordem-inedita-landing@0.1.0 start
2025-12-31 03:19:19 +00:00: > next start
2025-12-31 03:19:19 +00:00: 
2025-12-31 03:19:19 +00:00: 
2025-12-31 03:19:19 +00:00: > ordem-inedita-landing@0.1.0 start
2025-12-31 03:19:19 +00:00: > next start
2025-12-31 03:19:19 +00:00: 
2025-12-31 03:19:20 +00:00: 
2025-12-31 03:19:20 +00:00: > ordem-inedita-landing@0.1.0 start
2025-12-31 03:19:20 +00:00: > next start
2025-12-31 03:19:20 +00:00: 
2025-12-31 03:19:20 +00:00: 
2025-12-31 03:19:20 +00:00: > ordem-inedita-landing@0.1.0 start
2025-12-31 03:19:20 +00:00: > next start
2025-12-31 03:19:20 +00:00: 
2025-12-31 03:19:21 +00:00: 
2025-12-31 03:19:21 +00:00: > ordem-inedita-landing@0.1.0 start
2025-12-31 03:19:21 +00:00: > next start
2025-12-31 03:19:21 +00:00: 
2025-12-31 03:19:21 +00:00: 
2025-12-31 03:19:21 +00:00: > ordem-inedita-landing@0.1.0 start
2025-12-31 03:19:21 +00:00: > next start
2025-12-31 03:19:21 +00:00: 
2025-12-31 03:19:22 +00:00: 
2025-12-31 03:19:22 +00:00: > ordem-inedita-landing@0.1.0 start
2025-12-31 03:19:22 +00:00: > next start
2025-12-31 03:19:22 +00:00: 
2025-12-31 03:19:22 +00:00: 
2025-12-31 03:19:22 +00:00: > ordem-inedita-landing@0.1.0 start
2025-12-31 03:19:22 +00:00: > next start
2025-12-31 03:19:22 +00:00: 
2025-12-31 03:19:23 +00:00: 
2025-12-31 03:19:23 +00:00: > ordem-inedita-landing@0.1.0 start
2025-12-31 03:19:23 +00:00: > next start
2025-12-31 03:19:23 +00:00: 
2025-12-31 03:25:36 +00:00: 
2025-12-31 03:25:36 +00:00: > ordem-inedita-landing@0.1.0 start
2025-12-31 03:25:36 +00:00: > next start
2025-12-31 03:25:36 +00:00: 
2025-12-31 03:25:37 +00:00: 
2025-12-31 03:25:37 +00:00: > ordem-inedita-landing@0.1.0 start
2025-12-31 03:25:37 +00:00: > next start
2025-12-31 03:25:37 +00:00: 
2025-12-31 03:25:37 +00:00: 
2025-12-31 03:25:37 +00:00: > ordem-inedita-landing@0.1.0 start
2025-12-31 03:25:37 +00:00: > next start
2025-12-31 03:25:37 +00:00: 
2025-12-31 03:25:38 +00:00: 
2025-12-31 03:25:38 +00:00: > ordem-inedita-landing@0.1.0 start
2025-12-31 03:25:38 +00:00: > next start
2025-12-31 03:25:38 +00:00: 
2025-12-31 03:25:38 +00:00: 
2025-12-31 03:25:38 +00:00: > ordem-inedita-landing@0.1.0 start
2025-12-31 03:25:38 +00:00: > next start
2025-12-31 03:25:38 +00:00: 
2025-12-31 03:25:39 +00:00: 
2025-12-31 03:25:39 +00:00: > ordem-inedita-landing@0.1.0 start
2025-12-31 03:25:39 +00:00: > next start
2025-12-31 03:25:39 +00:00: 
2025-12-31 03:25:39 +00:00: 
2025-12-31 03:25:39 +00:00: > ordem-inedita-landing@0.1.0 start
2025-12-31 03:25:39 +00:00: > next start
2025-12-31 03:25:39 +00:00: 
2025-12-31 03:25:40 +00:00: 
2025-12-31 03:25:40 +00:00: > ordem-inedita-landing@0.1.0 start
2025-12-31 03:25:40 +00:00: > next start
2025-12-31 03:25:40 +00:00: 
2025-12-31 03:25:40 +00:00: 
2025-12-31 03:25:40 +00:00: > ordem-inedita-landing@0.1.0 start
2025-12-31 03:25:40 +00:00: > next start
2025-12-31 03:25:40 +00:00: 
2025-12-31 03:25:41 +00:00: 
2025-12-31 03:25:41 +00:00: > ordem-inedita-landing@0.1.0 start
2025-12-31 03:25:41 +00:00: > next start
2025-12-31 03:25:41 +00:00: 
2025-12-31 03:25:49 +00:00: 
2025-12-31 03:25:49 +00:00: > ordem-inedita-landing@0.1.0 start
2025-12-31 03:25:49 +00:00: > next start
2025-12-31 03:25:49 +00:00: 
2025-12-31 03:25:50 +00:00: 
2025-12-31 03:25:50 +00:00: > ordem-inedita-landing@0.1.0 start
2025-12-31 03:25:50 +00:00: > next start
2025-12-31 03:25:50 +00:00: 
2025-12-31 03:25:50 +00:00: 
2025-12-31 03:25:50 +00:00: > ordem-inedita-landing@0.1.0 start
2025-12-31 03:25:50 +00:00: > next start
2025-12-31 03:25:50 +00:00: 
2025-12-31 03:25:51 +00:00: 
2025-12-31 03:25:51 +00:00: > ordem-inedita-landing@0.1.0 start
2025-12-31 03:25:51 +00:00: > next start
2025-12-31 03:25:51 +00:00: 
2025-12-31 03:25:51 +00:00: 
2025-12-31 03:25:51 +00:00: > ordem-inedita-landing@0.1.0 start
2025-12-31 03:25:51 +00:00: > next start
2025-12-31 03:25:51 +00:00: 
2025-12-31 03:25:52 +00:00: 
2025-12-31 03:25:52 +00:00: > ordem-inedita-landing@0.1.0 start
2025-12-31 03:25:52 +00:00: > next start
2025-12-31 03:25:52 +00:00: 
2025-12-31 03:25:52 +00:00: 
2025-12-31 03:25:52 +00:00: > ordem-inedita-landing@0.1.0 start
2025-12-31 03:25:52 +00:00: > next start
2025-12-31 03:25:52 +00:00: 
2025-12-31 03:25:53 +00:00: 
2025-12-31 03:25:53 +00:00: > ordem-inedita-landing@0.1.0 start
2025-12-31 03:25:53 +00:00: > next start
2025-12-31 03:25:53 +00:00: 
2025-12-31 03:25:53 +00:00: 
2025-12-31 03:25:53 +00:00: > ordem-inedita-landing@0.1.0 start
2025-12-31 03:25:53 +00:00: > next start
2025-12-31 03:25:53 +00:00: 
2025-12-31 03:25:54 +00:00: 
2025-12-31 03:25:54 +00:00: > ordem-inedita-landing@0.1.0 start
2025-12-31 03:25:54 +00:00: > next start
2025-12-31 03:25:54 +00:00: 
2025-12-31 03:26:33 +00:00: 
2025-12-31 03:26:33 +00:00: > ordem-inedita-landing@0.1.0 start
2025-12-31 03:26:33 +00:00: > next start
2025-12-31 03:26:33 +00:00: 
2025-12-31 03:26:33 +00:00: ▲ Next.js 16.1.1
2025-12-31 03:26:33 +00:00: - Local:         http://localhost:3001
2025-12-31 03:26:33 +00:00: - Network:       http://178.156.134.6:3001
2025-12-31 03:26:33 +00:00: 
2025-12-31 03:26:33 +00:00: ✓ Starting...
2025-12-31 03:26:33 +00:00: ✓ Ready in 717ms
2025-12-31 04:18:40 +00:00: 
2025-12-31 04:18:40 +00:00: > ordem-inedita-landing@0.1.0 start
2025-12-31 04:18:40 +00:00: > next start
2025-12-31 04:18:40 +00:00: 
2025-12-31 04:18:40 +00:00: ▲ Next.js 16.1.1
2025-12-31 04:18:40 +00:00: - Local:         http://localhost:3001
2025-12-31 04:18:40 +00:00: - Network:       http://178.156.134.6:3001
2025-12-31 04:18:40 +00:00: 
2025-12-31 04:18:40 +00:00: ✓ Starting...
2025-12-31 04:18:41 +00:00: ✓ Ready in 917ms
2025-12-31 05:07:57 +00:00: 
2025-12-31 05:07:57 +00:00: > ordem-inedita-landing@0.1.0 start
2025-12-31 05:07:57 +00:00: > next start
2025-12-31 05:07:57 +00:00: 
2025-12-31 05:07:58 +00:00: ▲ Next.js 16.1.1
2025-12-31 05:07:58 +00:00: - Local:         http://localhost:3001
2025-12-31 05:07:58 +00:00: - Network:       http://178.156.134.6:3001
2025-12-31 05:07:58 +00:00: 
2025-12-31 05:07:58 +00:00: ✓ Starting...
2025-12-31 05:07:58 +00:00: ✓ Ready in 646ms
2026-01-05 19:22:36 +00:00: 
2026-01-05 19:22:36 +00:00: > ordem-inedita-landing@0.1.0 start
2026-01-05 19:22:36 +00:00: > next start
2026-01-05 19:22:36 +00:00: 
2026-01-05 19:22:37 +00:00: ▲ Next.js 16.1.1
2026-01-05 19:22:37 +00:00: - Local:         http://localhost:3001
2026-01-05 19:22:37 +00:00: - Network:       http://178.156.134.6:3001
2026-01-05 19:22:37 +00:00: 
2026-01-05 19:22:37 +00:00: ✓ Starting...
2026-01-05 19:22:38 +00:00: ✓ Ready in 971ms
2026-01-05 19:24:23 +00:00: 
2026-01-05 19:24:23 +00:00: > ordem-inedita-landing@0.1.0 start
2026-01-05 19:24:23 +00:00: > next start
2026-01-05 19:24:23 +00:00: 
2026-01-05 19:24:23 +00:00: ▲ Next.js 16.1.1
2026-01-05 19:24:23 +00:00: - Local:         http://localhost:3001
2026-01-05 19:24:23 +00:00: - Network:       http://178.156.134.6:3001
2026-01-05 19:24:23 +00:00: 
2026-01-05 19:24:23 +00:00: ✓ Starting...
2026-01-05 19:24:24 +00:00: ✓ Ready in 654ms
2026-01-05 19:57:46 +00:00: 
2026-01-05 19:57:46 +00:00: > ordem-inedita-landing@0.1.0 start
2026-01-05 19:57:46 +00:00: > next start
2026-01-05 19:57:46 +00:00: 
2026-01-05 19:57:47 +00:00: ▲ Next.js 16.1.1
2026-01-05 19:57:47 +00:00: - Local:         http://localhost:3001
2026-01-05 19:57:47 +00:00: - Network:       http://178.156.134.6:3001
2026-01-05 19:57:47 +00:00: 
2026-01-05 19:57:47 +00:00: ✓ Starting...
2026-01-05 19:57:47 +00:00: ✓ Ready in 903ms
2026-01-06 15:02:54 +00:00: 
2026-01-06 15:02:54 +00:00: > ordem-inedita-landing@0.1.0 start
2026-01-06 15:02:54 +00:00: > next start
2026-01-06 15:02:54 +00:00: 
2026-01-06 15:02:54 +00:00: ▲ Next.js 16.1.1
2026-01-06 15:02:54 +00:00: - Local:         http://localhost:3001
2026-01-06 15:02:54 +00:00: - Network:       http://178.156.134.6:3001
2026-01-06 15:02:54 +00:00: 
2026-01-06 15:02:54 +00:00: ✓ Starting...
2026-01-06 15:02:55 +00:00: ✓ Ready in 1021ms
2026-01-06 15:12:28 +00:00: 
2026-01-06 15:12:28 +00:00: > ordem-inedita-landing@0.1.0 start
2026-01-06 15:12:28 +00:00: > next start
2026-01-06 15:12:28 +00:00: 
2026-01-06 15:12:29 +00:00: ▲ Next.js 16.1.1
2026-01-06 15:12:29 +00:00: - Local:         http://localhost:3001
2026-01-06 15:12:29 +00:00: - Network:       http://178.156.134.6:3001
2026-01-06 15:12:29 +00:00: 
2026-01-06 15:12:29 +00:00: ✓ Starting...
2026-01-06 15:12:30 +00:00: ✓ Ready in 1060ms
2026-01-06 15:20:16 +00:00: 
2026-01-06 15:20:16 +00:00: > ordem-inedita-landing@0.1.0 start
2026-01-06 15:20:16 +00:00: > next start
2026-01-06 15:20:16 +00:00: 
2026-01-06 15:20:16 +00:00: ▲ Next.js 16.1.1
2026-01-06 15:20:16 +00:00: - Local:         http://localhost:3001
2026-01-06 15:20:16 +00:00: - Network:       http://178.156.134.6:3001
2026-01-06 15:20:16 +00:00: 
2026-01-06 15:20:16 +00:00: ✓ Starting...
2026-01-06 15:20:17 +00:00: ✓ Ready in 1043ms
2026-01-06 15:40:10 +00:00: 
2026-01-06 15:40:10 +00:00: > ordem-inedita-landing@0.1.0 start
2026-01-06 15:40:10 +00:00: > next start
2026-01-06 15:40:10 +00:00: 
2026-01-06 15:40:10 +00:00: ▲ Next.js 16.1.1
2026-01-06 15:40:10 +00:00: - Local:         http://localhost:3001
2026-01-06 15:40:10 +00:00: - Network:       http://178.156.134.6:3001
2026-01-06 15:40:10 +00:00: 
2026-01-06 15:40:10 +00:00: ✓ Starting...
2026-01-06 15:40:11 +00:00: ✓ Ready in 1062ms
2026-01-06 15:49:03 +00:00: 
2026-01-06 15:49:03 +00:00: > ordem-inedita-landing@0.1.0 start
2026-01-06 15:49:03 +00:00: > next start
2026-01-06 15:49:03 +00:00: 
2026-01-06 15:49:04 +00:00: ▲ Next.js 16.1.1
2026-01-06 15:49:04 +00:00: - Local:         http://localhost:3001
2026-01-06 15:49:04 +00:00: - Network:       http://178.156.134.6:3001
2026-01-06 15:49:04 +00:00: 
2026-01-06 15:49:04 +00:00: ✓ Starting...
2026-01-06 15:49:05 +00:00: ✓ Ready in 1388ms
2026-01-06 17:06:08 +00:00: 
2026-01-06 17:06:08 +00:00: > ordem-inedita-landing@0.1.0 start
2026-01-06 17:06:08 +00:00: > next start
2026-01-06 17:06:08 +00:00: 
2026-01-06 17:06:09 +00:00: ▲ Next.js 16.1.1
2026-01-06 17:06:09 +00:00: - Local:         http://localhost:3001
2026-01-06 17:06:09 +00:00: - Network:       http://178.156.134.6:3001
2026-01-06 17:06:09 +00:00: 
2026-01-06 17:06:09 +00:00: ✓ Starting...
2026-01-06 17:06:09 +00:00: ✓ Ready in 1236ms
2026-01-06 17:11:17 +00:00: 
2026-01-06 17:11:17 +00:00: > ordem-inedita-landing@0.1.0 start
2026-01-06 17:11:17 +00:00: > next start
2026-01-06 17:11:17 +00:00: 
2026-01-06 17:11:17 +00:00: ▲ Next.js 16.1.1
2026-01-06 17:11:17 +00:00: - Local:         http://localhost:3001
2026-01-06 17:11:17 +00:00: - Network:       http://178.156.134.6:3001
2026-01-06 17:11:17 +00:00: 
2026-01-06 17:11:17 +00:00: ✓ Starting...
2026-01-06 17:11:18 +00:00: ✓ Ready in 1053ms
2026-01-06 17:27:45 +00:00: 
2026-01-06 17:27:45 +00:00: > ordem-inedita-landing@0.1.0 start
2026-01-06 17:27:45 +00:00: > next start
2026-01-06 17:27:45 +00:00: 
2026-01-06 17:27:45 +00:00: ▲ Next.js 16.1.1
2026-01-06 17:27:45 +00:00: - Local:         http://localhost:3001
2026-01-06 17:27:45 +00:00: - Network:       http://178.156.134.6:3001
2026-01-06 17:27:45 +00:00: 
2026-01-06 17:27:45 +00:00: ✓ Starting...
2026-01-06 17:27:46 +00:00: ✓ Ready in 1171ms
2026-01-07 14:02:27 +00:00: 
2026-01-07 14:02:27 +00:00: > ordem-inedita-landing@0.1.0 start
2026-01-07 14:02:27 +00:00: > next start
2026-01-07 14:02:27 +00:00: 
2026-01-07 14:02:27 +00:00: ▲ Next.js 16.1.1
2026-01-07 14:02:27 +00:00: - Local:         http://localhost:3001
2026-01-07 14:02:27 +00:00: - Network:       http://178.156.134.6:3001
2026-01-07 14:02:27 +00:00: 
2026-01-07 14:02:27 +00:00: ✓ Starting...
2026-01-07 14:02:28 +00:00: ✓ Ready in 672ms
2026-01-07 14:04:50 +00:00: 
2026-01-07 14:04:50 +00:00: > ordem-inedita-landing@0.1.0 start
2026-01-07 14:04:50 +00:00: > next start
2026-01-07 14:04:50 +00:00: 
2026-01-07 14:04:51 +00:00: ▲ Next.js 16.1.1
2026-01-07 14:04:51 +00:00: - Local:         http://localhost:3001
2026-01-07 14:04:51 +00:00: - Network:       http://178.156.134.6:3001
2026-01-07 14:04:51 +00:00: 
2026-01-07 14:04:51 +00:00: ✓ Starting...
2026-01-07 14:04:51 +00:00: ✓ Ready in 639ms
2026-01-07 14:09:27 +00:00: 
2026-01-07 14:09:27 +00:00: > ordem-inedita-landing@0.1.0 start
2026-01-07 14:09:27 +00:00: > next start
2026-01-07 14:09:27 +00:00: 
2026-01-07 14:09:27 +00:00: ▲ Next.js 16.1.1
2026-01-07 14:09:27 +00:00: - Local:         http://localhost:3001
2026-01-07 14:09:27 +00:00: - Network:       http://178.156.134.6:3001
2026-01-07 14:09:27 +00:00: 
2026-01-07 14:09:27 +00:00: ✓ Starting...
2026-01-07 14:09:28 +00:00: ✓ Ready in 704ms
2026-01-07 14:12:01 +00:00: 
2026-01-07 14:12:01 +00:00: > ordem-inedita-landing@0.1.0 start
2026-01-07 14:12:01 +00:00: > next start
2026-01-07 14:12:01 +00:00: 
2026-01-07 14:12:01 +00:00: ▲ Next.js 16.1.1
2026-01-07 14:12:01 +00:00: - Local:         http://localhost:3001
2026-01-07 14:12:01 +00:00: - Network:       http://178.156.134.6:3001
2026-01-07 14:12:01 +00:00: 
2026-01-07 14:12:01 +00:00: ✓ Starting...
2026-01-07 14:12:02 +00:00: ✓ Ready in 1151ms
2026-01-07 14:15:53 +00:00: 
2026-01-07 14:15:53 +00:00: > ordem-inedita-landing@0.1.0 start
2026-01-07 14:15:53 +00:00: > next start
2026-01-07 14:15:53 +00:00: 
2026-01-07 14:15:53 +00:00: ▲ Next.js 16.1.1
2026-01-07 14:15:53 +00:00: - Local:         http://localhost:3001
2026-01-07 14:15:53 +00:00: - Network:       http://178.156.134.6:3001
2026-01-07 14:15:53 +00:00: 
2026-01-07 14:15:53 +00:00: ✓ Starting...
2026-01-07 14:15:54 +00:00: ✓ Ready in 811ms
2026-01-07 18:36:41 +00:00: 
2026-01-07 18:36:41 +00:00: > ordem-inedita-landing@0.1.0 start
2026-01-07 18:36:41 +00:00: > next start
2026-01-07 18:36:41 +00:00: 
2026-01-07 18:36:42 +00:00: ▲ Next.js 16.1.1
2026-01-07 18:36:42 +00:00: - Local:         http://localhost:3001
2026-01-07 18:36:42 +00:00: - Network:       http://178.156.134.6:3001
2026-01-07 18:36:42 +00:00: 
2026-01-07 18:36:42 +00:00: ✓ Starting...
2026-01-07 18:36:43 +00:00: 
2026-01-07 18:36:43 +00:00: > ordem-inedita-landing@0.1.0 start
2026-01-07 18:36:43 +00:00: > next start
2026-01-07 18:36:43 +00:00: 
2026-01-07 18:36:43 +00:00: ▲ Next.js 16.1.1
2026-01-07 18:36:43 +00:00: - Local:         http://localhost:3001
2026-01-07 18:36:43 +00:00: - Network:       http://178.156.134.6:3001
2026-01-07 18:36:43 +00:00: 
2026-01-07 18:36:43 +00:00: ✓ Starting...
2026-01-07 18:36:44 +00:00: 
2026-01-07 18:36:44 +00:00: > ordem-inedita-landing@0.1.0 start
2026-01-07 18:36:44 +00:00: > next start
2026-01-07 18:36:44 +00:00: 
2026-01-07 18:36:44 +00:00: ▲ Next.js 16.1.1
2026-01-07 18:36:44 +00:00: - Local:         http://localhost:3001
2026-01-07 18:36:44 +00:00: - Network:       http://178.156.134.6:3001
2026-01-07 18:36:44 +00:00: 
2026-01-07 18:36:44 +00:00: ✓ Starting...
2026-01-07 18:36:45 +00:00: 
2026-01-07 18:36:45 +00:00: > ordem-inedita-landing@0.1.0 start
2026-01-07 18:36:45 +00:00: > next start
2026-01-07 18:36:45 +00:00: 
2026-01-07 18:36:46 +00:00: ▲ Next.js 16.1.1
2026-01-07 18:36:46 +00:00: - Local:         http://localhost:3001
2026-01-07 18:36:46 +00:00: - Network:       http://178.156.134.6:3001
2026-01-07 18:36:46 +00:00: 
2026-01-07 18:36:46 +00:00: ✓ Starting...
2026-01-07 18:36:48 +00:00: 
2026-01-07 18:36:48 +00:00: > ordem-inedita-landing@0.1.0 start
2026-01-07 18:36:48 +00:00: > next start
2026-01-07 18:36:48 +00:00: 
2026-01-07 18:36:49 +00:00: ▲ Next.js 16.1.1
2026-01-07 18:36:49 +00:00: - Local:         http://localhost:3001
2026-01-07 18:36:49 +00:00: - Network:       http://178.156.134.6:3001
2026-01-07 18:36:49 +00:00: 
2026-01-07 18:36:49 +00:00: ✓ Starting...
2026-01-07 18:36:52 +00:00: 
2026-01-07 18:36:52 +00:00: > ordem-inedita-landing@0.1.0 start
2026-01-07 18:36:52 +00:00: > next start
2026-01-07 18:36:52 +00:00: 
2026-01-07 18:36:54 +00:00: ▲ Next.js 16.1.1
2026-01-07 18:36:54 +00:00: - Local:         http://localhost:3001
2026-01-07 18:36:54 +00:00: - Network:       http://178.156.134.6:3001
2026-01-07 18:36:54 +00:00: 
2026-01-07 18:36:54 +00:00: ✓ Starting...
2026-01-07 18:36:55 +00:00: 
2026-01-07 18:36:55 +00:00: > ordem-inedita-landing@0.1.0 start
2026-01-07 18:36:55 +00:00: > next start
2026-01-07 18:36:55 +00:00: 
2026-01-07 18:36:56 +00:00: ▲ Next.js 16.1.1
2026-01-07 18:36:56 +00:00: - Local:         http://localhost:3001
2026-01-07 18:36:56 +00:00: - Network:       http://178.156.134.6:3001
2026-01-07 18:36:56 +00:00: 
2026-01-07 18:36:56 +00:00: ✓ Starting...
2026-01-07 18:36:57 +00:00: 
2026-01-07 18:36:57 +00:00: > ordem-inedita-landing@0.1.0 start
2026-01-07 18:36:57 +00:00: > next start
2026-01-07 18:36:57 +00:00: 
2026-01-07 18:36:58 +00:00: ▲ Next.js 16.1.1
2026-01-07 18:36:58 +00:00: - Local:         http://localhost:3001
2026-01-07 18:36:58 +00:00: - Network:       http://178.156.134.6:3001
2026-01-07 18:36:58 +00:00: 
2026-01-07 18:36:58 +00:00: ✓ Starting...
2026-01-07 18:37:00 +00:00: 
2026-01-07 18:37:00 +00:00: > ordem-inedita-landing@0.1.0 start
2026-01-07 18:37:00 +00:00: > next start
2026-01-07 18:37:00 +00:00: 
2026-01-07 18:37:01 +00:00: ▲ Next.js 16.1.1
2026-01-07 18:37:01 +00:00: - Local:         http://localhost:3001
2026-01-07 18:37:01 +00:00: - Network:       http://178.156.134.6:3001
2026-01-07 18:37:01 +00:00: 
2026-01-07 18:37:01 +00:00: ✓ Starting...
2026-01-07 18:37:02 +00:00: 
2026-01-07 18:37:02 +00:00: > ordem-inedita-landing@0.1.0 start
2026-01-07 18:37:02 +00:00: > next start
2026-01-07 18:37:02 +00:00: 
2026-01-07 18:37:03 +00:00: ▲ Next.js 16.1.1
2026-01-07 18:37:03 +00:00: - Local:         http://localhost:3001
2026-01-07 18:37:03 +00:00: - Network:       http://178.156.134.6:3001
2026-01-07 18:37:03 +00:00: 
2026-01-07 18:37:03 +00:00: ✓ Starting...
2026-01-07 18:44:51 +00:00: 
2026-01-07 18:44:51 +00:00: > ordem-inedita-landing@0.1.0 start
2026-01-07 18:44:51 +00:00: > next start
2026-01-07 18:44:51 +00:00: 
2026-01-07 18:44:51 +00:00: ▲ Next.js 16.1.1
2026-01-07 18:44:51 +00:00: - Local:         http://localhost:3001
2026-01-07 18:44:51 +00:00: - Network:       http://178.156.134.6:3001
2026-01-07 18:44:51 +00:00: 
2026-01-07 18:44:51 +00:00: ✓ Starting...
2026-01-07 18:44:52 +00:00: ✓ Ready in 663ms
2026-01-07 18:53:01 +00:00: 
2026-01-07 18:53:01 +00:00: > ordem-inedita-landing@0.1.0 start
2026-01-07 18:53:01 +00:00: > next start
2026-01-07 18:53:01 +00:00: 
2026-01-07 18:53:02 +00:00: ▲ Next.js 16.1.1
2026-01-07 18:53:02 +00:00: - Local:         http://localhost:3001
2026-01-07 18:53:02 +00:00: - Network:       http://178.156.134.6:3001
2026-01-07 18:53:02 +00:00: 
2026-01-07 18:53:02 +00:00: ✓ Starting...
2026-01-07 18:53:02 +00:00: ✓ Ready in 1260ms
2026-01-07 19:03:20 +00:00: 
2026-01-07 19:03:20 +00:00: > ordem-inedita-landing@0.1.0 start
2026-01-07 19:03:20 +00:00: > next start
2026-01-07 19:03:20 +00:00: 
2026-01-07 19:03:20 +00:00: ▲ Next.js 16.1.1
2026-01-07 19:03:20 +00:00: - Local:         http://localhost:3001
2026-01-07 19:03:20 +00:00: - Network:       http://178.156.134.6:3001
2026-01-07 19:03:20 +00:00: 
2026-01-07 19:03:20 +00:00: ✓ Starting...
2026-01-07 19:03:21 +00:00: ✓ Ready in 630ms
2026-01-07 21:09:00 +00:00: 
2026-01-07 21:09:00 +00:00: > ordem-inedita-landing@0.1.0 start
2026-01-07 21:09:00 +00:00: > next start
2026-01-07 21:09:00 +00:00: 
2026-01-07 21:09:00 +00:00: ▲ Next.js 16.1.1
2026-01-07 21:09:00 +00:00: - Local:         http://localhost:3001
2026-01-07 21:09:00 +00:00: - Network:       http://178.156.134.6:3001
2026-01-07 21:09:00 +00:00: 
2026-01-07 21:09:00 +00:00: ✓ Starting...
2026-01-07 21:09:01 +00:00: ✓ Ready in 986ms
2026-01-07 21:41:45 +00:00: 
2026-01-07 21:41:45 +00:00: > ordem-inedita-landing@0.1.0 start
2026-01-07 21:41:45 +00:00: > next start
2026-01-07 21:41:45 +00:00: 
2026-01-07 21:41:46 +00:00: ▲ Next.js 16.1.1
2026-01-07 21:41:46 +00:00: - Local:         http://localhost:3001
2026-01-07 21:41:46 +00:00: - Network:       http://178.156.134.6:3001
2026-01-07 21:41:46 +00:00: 
2026-01-07 21:41:46 +00:00: ✓ Starting...
2026-01-07 21:41:46 +00:00: ✓ Ready in 670ms
2026-01-07 21:49:16 +00:00: 
2026-01-07 21:49:16 +00:00: > ordem-inedita-landing@0.1.0 start
2026-01-07 21:49:16 +00:00: > next start
2026-01-07 21:49:16 +00:00: 
2026-01-07 21:49:16 +00:00: ▲ Next.js 16.1.1
2026-01-07 21:49:16 +00:00: - Local:         http://localhost:3001
2026-01-07 21:49:16 +00:00: - Network:       http://178.156.134.6:3001
2026-01-07 21:49:16 +00:00: 
2026-01-07 21:49:16 +00:00: ✓ Starting...
2026-01-07 21:49:17 +00:00: ✓ Ready in 628ms
2026-01-07 21:55:24 +00:00: 
2026-01-07 21:55:24 +00:00: > ordem-inedita-landing@0.1.0 start
2026-01-07 21:55:24 +00:00: > next start
2026-01-07 21:55:24 +00:00: 
2026-01-07 21:55:24 +00:00: ▲ Next.js 16.1.1
2026-01-07 21:55:24 +00:00: - Local:         http://localhost:3001
2026-01-07 21:55:24 +00:00: - Network:       http://178.156.134.6:3001
2026-01-07 21:55:24 +00:00: 
2026-01-07 21:55:24 +00:00: ✓ Starting...
2026-01-07 21:55:25 +00:00: ✓ Ready in 643ms
2026-01-08 15:28:26 +00:00: 
2026-01-08 15:28:26 +00:00: > ordem-inedita-landing@0.1.0 start
2026-01-08 15:28:26 +00:00: > next start
2026-01-08 15:28:26 +00:00: 
2026-01-08 15:28:26 +00:00: ▲ Next.js 16.1.1
2026-01-08 15:28:26 +00:00: - Local:         http://localhost:3001
2026-01-08 15:28:26 +00:00: - Network:       http://178.156.134.6:3001
2026-01-08 15:28:26 +00:00: 
2026-01-08 15:28:26 +00:00: ✓ Starting...
2026-01-08 15:28:27 +00:00: ✓ Ready in 796ms
2026-01-08 21:01:54 +00:00: 
2026-01-08 21:01:54 +00:00: > ordem-inedita-landing@0.1.0 start
2026-01-08 21:01:54 +00:00: > next start
2026-01-08 21:01:54 +00:00: 
2026-01-08 21:01:54 +00:00: ▲ Next.js 16.1.1
2026-01-08 21:01:54 +00:00: - Local:         http://localhost:3001
2026-01-08 21:01:54 +00:00: - Network:       http://178.156.134.6:3001
2026-01-08 21:01:54 +00:00: 
2026-01-08 21:01:54 +00:00: ✓ Starting...
2026-01-08 21:01:55 +00:00: ✓ Ready in 913ms
2026-01-10 17:59:52 +00:00: 
2026-01-10 17:59:52 +00:00: > ordem-inedita-landing@0.1.0 start
2026-01-10 17:59:52 +00:00: > next start
2026-01-10 17:59:52 +00:00: 
2026-01-10 17:59:53 +00:00: ▲ Next.js 16.1.1
2026-01-10 17:59:53 +00:00: - Local:         http://localhost:3001
2026-01-10 17:59:53 +00:00: - Network:       http://178.156.134.6:3001
2026-01-10 17:59:53 +00:00: 
2026-01-10 17:59:53 +00:00: ✓ Starting...
2026-01-10 17:59:53 +00:00: ✓ Ready in 645ms
2026-01-11 15:12:21 +00:00: 
2026-01-11 15:12:21 +00:00: > ordem-inedita-landing@0.1.0 start
2026-01-11 15:12:21 +00:00: > next start
2026-01-11 15:12:21 +00:00: 
2026-01-11 15:12:21 +00:00: ▲ Next.js 16.1.1
2026-01-11 15:12:21 +00:00: - Local:         http://localhost:3001
2026-01-11 15:12:21 +00:00: - Network:       http://178.156.134.6:3001
2026-01-11 15:12:21 +00:00: 
2026-01-11 15:12:21 +00:00: ✓ Starting...
2026-01-11 15:12:22 +00:00: ✓ Ready in 888ms
2026-01-11 15:13:00 +00:00: 
2026-01-11 15:13:00 +00:00: > ordem-inedita-landing@0.1.0 start
2026-01-11 15:13:00 +00:00: > next start
2026-01-11 15:13:00 +00:00: 
2026-01-11 15:13:01 +00:00: ▲ Next.js 16.1.1
2026-01-11 15:13:01 +00:00: - Local:         http://localhost:3001
2026-01-11 15:13:01 +00:00: - Network:       http://178.156.134.6:3001
2026-01-11 15:13:01 +00:00: 
2026-01-11 15:13:01 +00:00: ✓ Starting...
2026-01-11 15:13:01 +00:00: ✓ Ready in 758ms
2026-01-12 21:40:39 +00:00: 
2026-01-12 21:40:39 +00:00: > ordem-inedita-landing@0.1.0 start
2026-01-12 21:40:39 +00:00: > next start
2026-01-12 21:40:39 +00:00: 
2026-01-12 21:40:40 +00:00: ▲ Next.js 16.1.1
2026-01-12 21:40:40 +00:00: - Local:         http://localhost:3001
2026-01-12 21:40:40 +00:00: - Network:       http://178.156.134.6:3001
2026-01-12 21:40:40 +00:00: 
2026-01-12 21:40:40 +00:00: ✓ Starting...
2026-01-12 21:40:40 +00:00: ✓ Ready in 569ms
2026-01-12 21:45:58 +00:00: 
2026-01-12 21:45:58 +00:00: > ordem-inedita-landing@0.1.0 start
2026-01-12 21:45:58 +00:00: > next start
2026-01-12 21:45:58 +00:00: 
2026-01-12 21:45:58 +00:00: ▲ Next.js 16.1.1
2026-01-12 21:45:58 +00:00: - Local:         http://localhost:3001
2026-01-12 21:45:58 +00:00: - Network:       http://178.156.134.6:3001
2026-01-12 21:45:58 +00:00: 
2026-01-12 21:45:58 +00:00: ✓ Starting...
2026-01-12 21:45:59 +00:00: ✓ Ready in 658ms
2026-01-12 21:53:15 +00:00: 
2026-01-12 21:53:15 +00:00: > ordem-inedita-landing@0.1.0 start
2026-01-12 21:53:15 +00:00: > next start
2026-01-12 21:53:15 +00:00: 
2026-01-12 21:53:15 +00:00: ▲ Next.js 16.1.1
2026-01-12 21:53:15 +00:00: - Local:         http://localhost:3001
2026-01-12 21:53:15 +00:00: - Network:       http://178.156.134.6:3001
2026-01-12 21:53:15 +00:00: 
2026-01-12 21:53:15 +00:00: ✓ Starting...
2026-01-12 21:53:16 +00:00: ✓ Ready in 662ms
2026-01-13 13:13:58 +00:00: 
2026-01-13 13:13:58 +00:00: > ordem-inedita-landing@0.1.0 start
2026-01-13 13:13:58 +00:00: > next start
2026-01-13 13:13:58 +00:00: 
2026-01-13 13:13:59 +00:00: ▲ Next.js 16.1.1
2026-01-13 13:13:59 +00:00: - Local:         http://localhost:3001
2026-01-13 13:13:59 +00:00: - Network:       http://178.156.134.6:3001
2026-01-13 13:13:59 +00:00: 
2026-01-13 13:13:59 +00:00: ✓ Starting...
2026-01-13 13:13:59 +00:00: ✓ Ready in 668ms
2026-01-13 21:35:10 +00:00: 
2026-01-13 21:35:10 +00:00: > ordem-inedita-landing@0.1.0 start
2026-01-13 21:35:10 +00:00: > next start
2026-01-13 21:35:10 +00:00: 
2026-01-13 21:35:10 +00:00: ▲ Next.js 16.1.1
2026-01-13 21:35:10 +00:00: - Local:         http://localhost:3001
2026-01-13 21:35:10 +00:00: - Network:       http://178.156.134.6:3001
2026-01-13 21:35:10 +00:00: 
2026-01-13 21:35:10 +00:00: ✓ Starting...
2026-01-13 21:35:11 +00:00: ✓ Ready in 978ms
2026-01-13 21:48:13 +00:00: 
2026-01-13 21:48:13 +00:00: > ordem-inedita-landing@0.1.0 start
2026-01-13 21:48:13 +00:00: > next start
2026-01-13 21:48:13 +00:00: 
2026-01-13 21:48:13 +00:00: ▲ Next.js 16.1.1
2026-01-13 21:48:13 +00:00: - Local:         http://localhost:3001
2026-01-13 21:48:13 +00:00: - Network:       http://178.156.134.6:3001
2026-01-13 21:48:13 +00:00: 
2026-01-13 21:48:13 +00:00: ✓ Starting...
2026-01-13 21:48:14 +00:00: ✓ Ready in 964ms
2026-01-15 15:09:43 +00:00: 
2026-01-15 15:09:43 +00:00: > ordem-inedita-landing@0.1.0 start
2026-01-15 15:09:43 +00:00: > next start
2026-01-15 15:09:43 +00:00: 
2026-01-15 15:09:44 +00:00: ▲ Next.js 16.1.1
2026-01-15 15:09:44 +00:00: - Local:         http://localhost:3001
2026-01-15 15:09:44 +00:00: - Network:       http://178.156.134.6:3001
2026-01-15 15:09:44 +00:00: 
2026-01-15 15:09:44 +00:00: ✓ Starting...
2026-01-15 15:09:44 +00:00: 
2026-01-15 15:09:44 +00:00: > ordem-inedita-landing@0.1.0 start
2026-01-15 15:09:44 +00:00: > next start
2026-01-15 15:09:44 +00:00: 
2026-01-15 15:09:45 +00:00: ▲ Next.js 16.1.1
2026-01-15 15:09:45 +00:00: - Local:         http://localhost:3001
2026-01-15 15:09:45 +00:00: - Network:       http://178.156.134.6:3001
2026-01-15 15:09:45 +00:00: 
2026-01-15 15:09:45 +00:00: ✓ Starting...
2026-01-15 15:09:46 +00:00: 
2026-01-15 15:09:46 +00:00: > ordem-inedita-landing@0.1.0 start
2026-01-15 15:09:46 +00:00: > next start
2026-01-15 15:09:46 +00:00: 
2026-01-15 15:09:46 +00:00: ▲ Next.js 16.1.1
2026-01-15 15:09:46 +00:00: - Local:         http://localhost:3001
2026-01-15 15:09:46 +00:00: - Network:       http://178.156.134.6:3001
2026-01-15 15:09:46 +00:00: 
2026-01-15 15:09:46 +00:00: ✓ Starting...
2026-01-15 15:09:47 +00:00: 
2026-01-15 15:09:47 +00:00: > ordem-inedita-landing@0.1.0 start
2026-01-15 15:09:47 +00:00: > next start
2026-01-15 15:09:47 +00:00: 
2026-01-15 15:09:48 +00:00: ▲ Next.js 16.1.1
2026-01-15 15:09:48 +00:00: - Local:         http://localhost:3001
2026-01-15 15:09:48 +00:00: - Network:       http://178.156.134.6:3001
2026-01-15 15:09:48 +00:00: 
2026-01-15 15:09:48 +00:00: ✓ Starting...
2026-01-15 15:09:50 +00:00: 
2026-01-15 15:09:50 +00:00: > ordem-inedita-landing@0.1.0 start
2026-01-15 15:09:50 +00:00: > next start
2026-01-15 15:09:50 +00:00: 
2026-01-15 15:09:51 +00:00: ▲ Next.js 16.1.1
2026-01-15 15:09:51 +00:00: - Local:         http://localhost:3001
2026-01-15 15:09:51 +00:00: - Network:       http://178.156.134.6:3001
2026-01-15 15:09:51 +00:00: 
2026-01-15 15:09:51 +00:00: ✓ Starting...
2026-01-15 15:09:54 +00:00: 
2026-01-15 15:09:54 +00:00: > ordem-inedita-landing@0.1.0 start
2026-01-15 15:09:54 +00:00: > next start
2026-01-15 15:09:54 +00:00: 
2026-01-15 15:09:55 +00:00: ▲ Next.js 16.1.1
2026-01-15 15:09:55 +00:00: - Local:         http://localhost:3001
2026-01-15 15:09:55 +00:00: - Network:       http://178.156.134.6:3001
2026-01-15 15:09:55 +00:00: 
2026-01-15 15:09:55 +00:00: ✓ Starting...
2026-01-15 15:09:56 +00:00: 
2026-01-15 15:09:56 +00:00: > ordem-inedita-landing@0.1.0 start
2026-01-15 15:09:56 +00:00: > next start
2026-01-15 15:09:56 +00:00: 
2026-01-15 15:09:56 +00:00: ▲ Next.js 16.1.1
2026-01-15 15:09:56 +00:00: - Local:         http://localhost:3001
2026-01-15 15:09:56 +00:00: - Network:       http://178.156.134.6:3001
2026-01-15 15:09:56 +00:00: 
2026-01-15 15:09:56 +00:00: ✓ Starting...
2026-01-15 15:09:57 +00:00: 
2026-01-15 15:09:57 +00:00: > ordem-inedita-landing@0.1.0 start
2026-01-15 15:09:57 +00:00: > next start
2026-01-15 15:09:57 +00:00: 
2026-01-15 15:09:58 +00:00: ▲ Next.js 16.1.1
2026-01-15 15:09:58 +00:00: - Local:         http://localhost:3001
2026-01-15 15:09:58 +00:00: - Network:       http://178.156.134.6:3001
2026-01-15 15:09:58 +00:00: 
2026-01-15 15:09:58 +00:00: ✓ Starting...
2026-01-15 15:09:59 +00:00: 
2026-01-15 15:09:59 +00:00: > ordem-inedita-landing@0.1.0 start
2026-01-15 15:09:59 +00:00: > next start
2026-01-15 15:09:59 +00:00: 
2026-01-15 15:09:59 +00:00: ▲ Next.js 16.1.1
2026-01-15 15:09:59 +00:00: - Local:         http://localhost:3001
2026-01-15 15:09:59 +00:00: - Network:       http://178.156.134.6:3001
2026-01-15 15:09:59 +00:00: 
2026-01-15 15:09:59 +00:00: ✓ Starting...
2026-01-15 15:10:00 +00:00: 
2026-01-15 15:10:00 +00:00: > ordem-inedita-landing@0.1.0 start
2026-01-15 15:10:00 +00:00: > next start
2026-01-15 15:10:00 +00:00: 
2026-01-15 15:10:01 +00:00: ▲ Next.js 16.1.1
2026-01-15 15:10:01 +00:00: - Local:         http://localhost:3001
2026-01-15 15:10:01 +00:00: - Network:       http://178.156.134.6:3001
2026-01-15 15:10:01 +00:00: 
2026-01-15 15:10:01 +00:00: ✓ Starting...
2026-01-15 15:10:47 +00:00: 
2026-01-15 15:10:47 +00:00: > ordem-inedita-landing@0.1.0 start
2026-01-15 15:10:47 +00:00: > next start
2026-01-15 15:10:47 +00:00: 
2026-01-15 15:10:47 +00:00: ▲ Next.js 16.1.1
2026-01-15 15:10:47 +00:00: - Local:         http://localhost:3001
2026-01-15 15:10:47 +00:00: - Network:       http://178.156.134.6:3001
2026-01-15 15:10:47 +00:00: 
2026-01-15 15:10:47 +00:00: ✓ Starting...
2026-01-15 15:10:48 +00:00: 
2026-01-15 15:10:48 +00:00: > ordem-inedita-landing@0.1.0 start
2026-01-15 15:10:48 +00:00: > next start
2026-01-15 15:10:48 +00:00: 
2026-01-15 15:10:48 +00:00: ▲ Next.js 16.1.1
2026-01-15 15:10:48 +00:00: - Local:         http://localhost:3001
2026-01-15 15:10:48 +00:00: - Network:       http://178.156.134.6:3001
2026-01-15 15:10:48 +00:00: 
2026-01-15 15:10:48 +00:00: ✓ Starting...
2026-01-15 15:10:49 +00:00: 
2026-01-15 15:10:49 +00:00: > ordem-inedita-landing@0.1.0 start
2026-01-15 15:10:49 +00:00: > next start
2026-01-15 15:10:49 +00:00: 
2026-01-15 15:10:49 +00:00: ▲ Next.js 16.1.1
2026-01-15 15:10:49 +00:00: - Local:         http://localhost:3001
2026-01-15 15:10:49 +00:00: - Network:       http://178.156.134.6:3001
2026-01-15 15:10:49 +00:00: 
2026-01-15 15:10:49 +00:00: ✓ Starting...
2026-01-15 15:10:50 +00:00: 
2026-01-15 15:10:50 +00:00: > ordem-inedita-landing@0.1.0 start
2026-01-15 15:10:50 +00:00: > next start
2026-01-15 15:10:50 +00:00: 
2026-01-15 15:10:50 +00:00: ▲ Next.js 16.1.1
2026-01-15 15:10:50 +00:00: - Local:         http://localhost:3001
2026-01-15 15:10:50 +00:00: - Network:       http://178.156.134.6:3001
2026-01-15 15:10:50 +00:00: 
2026-01-15 15:10:50 +00:00: ✓ Starting...
2026-01-15 15:10:51 +00:00: 
2026-01-15 15:10:51 +00:00: > ordem-inedita-landing@0.1.0 start
2026-01-15 15:10:51 +00:00: > next start
2026-01-15 15:10:51 +00:00: 
2026-01-15 15:10:51 +00:00: ▲ Next.js 16.1.1
2026-01-15 15:10:51 +00:00: - Local:         http://localhost:3001
2026-01-15 15:10:51 +00:00: - Network:       http://178.156.134.6:3001
2026-01-15 15:10:51 +00:00: 
2026-01-15 15:10:51 +00:00: ✓ Starting...
2026-01-15 15:10:52 +00:00: 
2026-01-15 15:10:52 +00:00: > ordem-inedita-landing@0.1.0 start
2026-01-15 15:10:52 +00:00: > next start
2026-01-15 15:10:52 +00:00: 
2026-01-15 15:10:52 +00:00: ▲ Next.js 16.1.1
2026-01-15 15:10:52 +00:00: - Local:         http://localhost:3001
2026-01-15 15:10:52 +00:00: - Network:       http://178.156.134.6:3001
2026-01-15 15:10:52 +00:00: 
2026-01-15 15:10:52 +00:00: ✓ Starting...
2026-01-15 15:10:52 +00:00: 
2026-01-15 15:10:52 +00:00: > ordem-inedita-landing@0.1.0 start
2026-01-15 15:10:52 +00:00: > next start
2026-01-15 15:10:52 +00:00: 
2026-01-15 15:10:53 +00:00: ▲ Next.js 16.1.1
2026-01-15 15:10:53 +00:00: - Local:         http://localhost:3001
2026-01-15 15:10:53 +00:00: - Network:       http://178.156.134.6:3001
2026-01-15 15:10:53 +00:00: 
2026-01-15 15:10:53 +00:00: ✓ Starting...
2026-01-15 15:10:53 +00:00: 
2026-01-15 15:10:53 +00:00: > ordem-inedita-landing@0.1.0 start
2026-01-15 15:10:53 +00:00: > next start
2026-01-15 15:10:53 +00:00: 
2026-01-15 15:10:54 +00:00: ▲ Next.js 16.1.1
2026-01-15 15:10:54 +00:00: - Local:         http://localhost:3001
2026-01-15 15:10:54 +00:00: - Network:       http://178.156.134.6:3001
2026-01-15 15:10:54 +00:00: 
2026-01-15 15:10:54 +00:00: ✓ Starting...
2026-01-15 15:10:54 +00:00: 
2026-01-15 15:10:54 +00:00: > ordem-inedita-landing@0.1.0 start
2026-01-15 15:10:54 +00:00: > next start
2026-01-15 15:10:54 +00:00: 
2026-01-15 15:10:54 +00:00: ▲ Next.js 16.1.1
2026-01-15 15:10:54 +00:00: - Local:         http://localhost:3001
2026-01-15 15:10:54 +00:00: - Network:       http://178.156.134.6:3001
2026-01-15 15:10:54 +00:00: 
2026-01-15 15:10:54 +00:00: ✓ Starting...
2026-01-15 15:10:55 +00:00: 
2026-01-15 15:10:55 +00:00: > ordem-inedita-landing@0.1.0 start
2026-01-15 15:10:55 +00:00: > next start
2026-01-15 15:10:55 +00:00: 
2026-01-15 15:10:55 +00:00: ▲ Next.js 16.1.1
2026-01-15 15:10:55 +00:00: - Local:         http://localhost:3001
2026-01-15 15:10:55 +00:00: - Network:       http://178.156.134.6:3001
2026-01-15 15:10:55 +00:00: 
2026-01-15 15:10:55 +00:00: ✓ Starting...
2026-01-15 15:14:43 +00:00: 
2026-01-15 15:14:43 +00:00: > ordem-inedita-landing@0.1.0 start
2026-01-15 15:14:43 +00:00: > next start
2026-01-15 15:14:43 +00:00: 
2026-01-15 15:14:43 +00:00: ▲ Next.js 16.1.1
2026-01-15 15:14:43 +00:00: - Local:         http://localhost:3001
2026-01-15 15:14:43 +00:00: - Network:       http://178.156.134.6:3001
2026-01-15 15:14:43 +00:00: 
2026-01-15 15:14:43 +00:00: ✓ Starting...
2026-01-15 15:14:44 +00:00: ✓ Ready in 813ms
2026-01-19 17:23:44 +00:00: 
2026-01-19 17:23:44 +00:00: > ordem-inedita-landing@0.1.0 start
2026-01-19 17:23:44 +00:00: > next start
2026-01-19 17:23:44 +00:00: 
2026-01-19 17:23:44 +00:00: ▲ Next.js 16.1.1
2026-01-19 17:23:44 +00:00: - Local:         http://localhost:3001
2026-01-19 17:23:44 +00:00: - Network:       http://178.156.134.6:3001
2026-01-19 17:23:44 +00:00: 
2026-01-19 17:23:44 +00:00: ✓ Starting...
2026-01-19 17:23:45 +00:00: ✓ Ready in 897ms
2026-01-20 15:21:41 +00:00: 
2026-01-20 15:21:41 +00:00: > ordem-inedita-landing@0.1.0 start
2026-01-20 15:21:41 +00:00: > next start
2026-01-20 15:21:41 +00:00: 
2026-01-20 15:21:41 +00:00: ▲ Next.js 16.1.1
2026-01-20 15:21:41 +00:00: - Local:         http://localhost:3001
2026-01-20 15:21:41 +00:00: - Network:       http://178.156.134.6:3001
2026-01-20 15:21:41 +00:00: 
2026-01-20 15:21:41 +00:00: ✓ Starting...
2026-01-20 15:21:41 +00:00: ✓ Ready in 567ms
2026-01-20 18:53:25 +00:00: 
2026-01-20 18:53:25 +00:00: > ordem-inedita-landing@0.1.0 start
2026-01-20 18:53:25 +00:00: > next start
2026-01-20 18:53:25 +00:00: 
2026-01-20 18:53:25 +00:00: ▲ Next.js 16.1.1
2026-01-20 18:53:25 +00:00: - Local:         http://localhost:3001
2026-01-20 18:53:25 +00:00: - Network:       http://178.156.134.6:3001
2026-01-20 18:53:25 +00:00: 
2026-01-20 18:53:25 +00:00: ✓ Starting...
2026-01-20 18:53:25 +00:00: ✓ Ready in 621ms
2026-01-20 19:05:49 +00:00: 
2026-01-20 19:05:49 +00:00: > ordem-inedita-landing@0.1.0 start
2026-01-20 19:05:49 +00:00: > next start
2026-01-20 19:05:49 +00:00: 
2026-01-20 19:05:49 +00:00: ▲ Next.js 16.1.1
2026-01-20 19:05:49 +00:00: - Local:         http://localhost:3001
2026-01-20 19:05:49 +00:00: - Network:       http://178.156.134.6:3001
2026-01-20 19:05:49 +00:00: 
2026-01-20 19:05:49 +00:00: ✓ Starting...
2026-01-20 19:05:50 +00:00: ✓ Ready in 567ms
2026-01-20 19:28:00 +00:00: 
2026-01-20 19:28:00 +00:00: > ordem-inedita-landing@0.1.0 start
2026-01-20 19:28:00 +00:00: > next start
2026-01-20 19:28:00 +00:00: 
2026-01-20 19:28:00 +00:00: ▲ Next.js 16.1.1
2026-01-20 19:28:00 +00:00: - Local:         http://localhost:3001
2026-01-20 19:28:00 +00:00: - Network:       http://178.156.134.6:3001
2026-01-20 19:28:00 +00:00: 
2026-01-20 19:28:00 +00:00: ✓ Starting...
2026-01-20 19:28:01 +00:00: ✓ Ready in 731ms
2026-01-23 16:38:08 +00:00: 
2026-01-23 16:38:08 +00:00: > ordem-inedita-landing@0.1.0 start
2026-01-23 16:38:08 +00:00: > next start
2026-01-23 16:38:08 +00:00: 
2026-01-23 16:38:08 +00:00: ▲ Next.js 16.1.1
2026-01-23 16:38:08 +00:00: - Local:         http://localhost:3001
2026-01-23 16:38:08 +00:00: - Network:       http://178.156.134.6:3001
2026-01-23 16:38:08 +00:00: 
2026-01-23 16:38:08 +00:00: ✓ Starting...
2026-01-23 16:38:09 +00:00: ✓ Ready in 906ms
2026-01-23 19:09:07 +00:00: 
2026-01-23 19:09:07 +00:00: > ordem-inedita-landing@0.1.0 start
2026-01-23 19:09:07 +00:00: > next start
2026-01-23 19:09:07 +00:00: 
2026-01-23 19:09:08 +00:00: ▲ Next.js 16.1.1
2026-01-23 19:09:08 +00:00: - Local:         http://localhost:3001
2026-01-23 19:09:08 +00:00: - Network:       http://178.156.134.6:3001
2026-01-23 19:09:08 +00:00: 
2026-01-23 19:09:08 +00:00: ✓ Starting...
2026-01-23 19:09:08 +00:00: ✓ Ready in 620ms
2026-01-23 21:11:39 +00:00: 
2026-01-23 21:11:39 +00:00: > ordem-inedita-landing@0.1.0 start
2026-01-23 21:11:39 +00:00: > next start
2026-01-23 21:11:39 +00:00: 
2026-01-23 21:11:39 +00:00: ▲ Next.js 16.1.1
2026-01-23 21:11:39 +00:00: - Local:         http://localhost:3001
2026-01-23 21:11:39 +00:00: - Network:       http://178.156.134.6:3001
2026-01-23 21:11:39 +00:00: 
2026-01-23 21:11:39 +00:00: ✓ Starting...
2026-01-23 21:11:40 +00:00: ✓ Ready in 594ms
2026-01-23 21:18:43 +00:00: 
2026-01-23 21:18:43 +00:00: > ordem-inedita-landing@0.1.0 start
2026-01-23 21:18:43 +00:00: > next start
2026-01-23 21:18:43 +00:00: 
2026-01-23 21:18:43 +00:00: ▲ Next.js 16.1.1
2026-01-23 21:18:43 +00:00: - Local:         http://localhost:3001
2026-01-23 21:18:43 +00:00: - Network:       http://178.156.134.6:3001
2026-01-23 21:18:43 +00:00: 
2026-01-23 21:18:43 +00:00: ✓ Starting...
2026-01-23 21:18:44 +00:00: ✓ Ready in 636ms
