2025-12-31 03:19:19 +00:00: ⨯ Failed to start server
2025-12-31 03:19:19 +00:00: Error: listen EADDRINUSE: address already in use :::3000
2025-12-31 03:19:19 +00:00:     at <unknown> (Error: listen EADDRINUSE: address already in use :::3000)
2025-12-31 03:19:19 +00:00:     at new Promise (<anonymous>) {
2025-12-31 03:19:19 +00:00:   code: 'EADDRINUSE',
2025-12-31 03:19:19 +00:00:   errno: -98,
2025-12-31 03:19:19 +00:00:   syscall: 'listen',
2025-12-31 03:19:19 +00:00:   address: '::',
2025-12-31 03:19:19 +00:00:   port: 3000
2025-12-31 03:19:19 +00:00: }
2025-12-31 03:19:19 +00:00: ⨯ Failed to start server
2025-12-31 03:19:19 +00:00: Error: listen EADDRINUSE: address already in use :::3000
2025-12-31 03:19:19 +00:00:     at <unknown> (Error: listen EADDRINUSE: address already in use :::3000)
2025-12-31 03:19:19 +00:00:     at new Promise (<anonymous>) {
2025-12-31 03:19:19 +00:00:   code: 'EADDRINUSE',
2025-12-31 03:19:19 +00:00:   errno: -98,
2025-12-31 03:19:19 +00:00:   syscall: 'listen',
2025-12-31 03:19:19 +00:00:   address: '::',
2025-12-31 03:19:19 +00:00:   port: 3000
2025-12-31 03:19:19 +00:00: }
2025-12-31 03:19:20 +00:00: ⨯ Failed to start server
2025-12-31 03:19:20 +00:00: Error: listen EADDRINUSE: address already in use :::3000
2025-12-31 03:19:20 +00:00:     at <unknown> (Error: listen EADDRINUSE: address already in use :::3000)
2025-12-31 03:19:20 +00:00:     at new Promise (<anonymous>) {
2025-12-31 03:19:20 +00:00:   code: 'EADDRINUSE',
2025-12-31 03:19:20 +00:00:   errno: -98,
2025-12-31 03:19:20 +00:00:   syscall: 'listen',
2025-12-31 03:19:20 +00:00:   address: '::',
2025-12-31 03:19:20 +00:00:   port: 3000
2025-12-31 03:19:20 +00:00: }
2025-12-31 03:19:20 +00:00: ⨯ Failed to start server
2025-12-31 03:19:20 +00:00: Error: listen EADDRINUSE: address already in use :::3000
2025-12-31 03:19:20 +00:00:     at <unknown> (Error: listen EADDRINUSE: address already in use :::3000)
2025-12-31 03:19:20 +00:00:     at new Promise (<anonymous>) {
2025-12-31 03:19:20 +00:00:   code: 'EADDRINUSE',
2025-12-31 03:19:20 +00:00:   errno: -98,
2025-12-31 03:19:20 +00:00:   syscall: 'listen',
2025-12-31 03:19:20 +00:00:   address: '::',
2025-12-31 03:19:20 +00:00:   port: 3000
2025-12-31 03:19:20 +00:00: }
2025-12-31 03:19:21 +00:00: ⨯ Failed to start server
2025-12-31 03:19:21 +00:00: Error: listen EADDRINUSE: address already in use :::3000
2025-12-31 03:19:21 +00:00:     at <unknown> (Error: listen EADDRINUSE: address already in use :::3000)
2025-12-31 03:19:21 +00:00:     at new Promise (<anonymous>) {
2025-12-31 03:19:21 +00:00:   code: 'EADDRINUSE',
2025-12-31 03:19:21 +00:00:   errno: -98,
2025-12-31 03:19:21 +00:00:   syscall: 'listen',
2025-12-31 03:19:21 +00:00:   address: '::',
2025-12-31 03:19:21 +00:00:   port: 3000
2025-12-31 03:19:21 +00:00: }
2025-12-31 03:19:21 +00:00: ⨯ Failed to start server
2025-12-31 03:19:21 +00:00: Error: listen EADDRINUSE: address already in use :::3000
2025-12-31 03:19:21 +00:00:     at <unknown> (Error: listen EADDRINUSE: address already in use :::3000)
2025-12-31 03:19:21 +00:00:     at new Promise (<anonymous>) {
2025-12-31 03:19:21 +00:00:   code: 'EADDRINUSE',
2025-12-31 03:19:21 +00:00:   errno: -98,
2025-12-31 03:19:21 +00:00:   syscall: 'listen',
2025-12-31 03:19:21 +00:00:   address: '::',
2025-12-31 03:19:21 +00:00:   port: 3000
2025-12-31 03:19:21 +00:00: }
2025-12-31 03:19:22 +00:00: ⨯ Failed to start server
2025-12-31 03:19:22 +00:00: Error: listen EADDRINUSE: address already in use :::3000
2025-12-31 03:19:22 +00:00:     at <unknown> (Error: listen EADDRINUSE: address already in use :::3000)
2025-12-31 03:19:22 +00:00:     at new Promise (<anonymous>) {
2025-12-31 03:19:22 +00:00:   code: 'EADDRINUSE',
2025-12-31 03:19:22 +00:00:   errno: -98,
2025-12-31 03:19:22 +00:00:   syscall: 'listen',
2025-12-31 03:19:22 +00:00:   address: '::',
2025-12-31 03:19:22 +00:00:   port: 3000
2025-12-31 03:19:22 +00:00: }
2025-12-31 03:19:22 +00:00: ⨯ Failed to start server
2025-12-31 03:19:22 +00:00: Error: listen EADDRINUSE: address already in use :::3000
2025-12-31 03:19:22 +00:00:     at <unknown> (Error: listen EADDRINUSE: address already in use :::3000)
2025-12-31 03:19:22 +00:00:     at new Promise (<anonymous>) {
2025-12-31 03:19:22 +00:00:   code: 'EADDRINUSE',
2025-12-31 03:19:22 +00:00:   errno: -98,
2025-12-31 03:19:22 +00:00:   syscall: 'listen',
2025-12-31 03:19:22 +00:00:   address: '::',
2025-12-31 03:19:22 +00:00:   port: 3000
2025-12-31 03:19:22 +00:00: }
2025-12-31 03:19:23 +00:00: ⨯ Failed to start server
2025-12-31 03:19:23 +00:00: Error: listen EADDRINUSE: address already in use :::3000
2025-12-31 03:19:23 +00:00:     at <unknown> (Error: listen EADDRINUSE: address already in use :::3000)
2025-12-31 03:19:23 +00:00:     at new Promise (<anonymous>) {
2025-12-31 03:19:23 +00:00:   code: 'EADDRINUSE',
2025-12-31 03:19:23 +00:00:   errno: -98,
2025-12-31 03:19:23 +00:00:   syscall: 'listen',
2025-12-31 03:19:23 +00:00:   address: '::',
2025-12-31 03:19:23 +00:00:   port: 3000
2025-12-31 03:19:23 +00:00: }
2025-12-31 03:19:23 +00:00: ⨯ Failed to start server
2025-12-31 03:19:23 +00:00: Error: listen EADDRINUSE: address already in use :::3000
2025-12-31 03:19:23 +00:00:     at <unknown> (Error: listen EADDRINUSE: address already in use :::3000)
2025-12-31 03:19:23 +00:00:     at new Promise (<anonymous>) {
2025-12-31 03:19:23 +00:00:   code: 'EADDRINUSE',
2025-12-31 03:19:23 +00:00:   errno: -98,
2025-12-31 03:19:23 +00:00:   syscall: 'listen',
2025-12-31 03:19:23 +00:00:   address: '::',
2025-12-31 03:19:23 +00:00:   port: 3000
2025-12-31 03:19:23 +00:00: }
2025-12-31 03:25:36 +00:00: ⨯ Failed to start server
2025-12-31 03:25:36 +00:00: Error: listen EADDRINUSE: address already in use :::3000
2025-12-31 03:25:36 +00:00:     at <unknown> (Error: listen EADDRINUSE: address already in use :::3000)
2025-12-31 03:25:36 +00:00:     at new Promise (<anonymous>) {
2025-12-31 03:25:36 +00:00:   code: 'EADDRINUSE',
2025-12-31 03:25:36 +00:00:   errno: -98,
2025-12-31 03:25:36 +00:00:   syscall: 'listen',
2025-12-31 03:25:36 +00:00:   address: '::',
2025-12-31 03:25:36 +00:00:   port: 3000
2025-12-31 03:25:36 +00:00: }
2025-12-31 03:25:37 +00:00: ⨯ Failed to start server
2025-12-31 03:25:37 +00:00: Error: listen EADDRINUSE: address already in use :::3000
2025-12-31 03:25:37 +00:00:     at <unknown> (Error: listen EADDRINUSE: address already in use :::3000)
2025-12-31 03:25:37 +00:00:     at new Promise (<anonymous>) {
2025-12-31 03:25:37 +00:00:   code: 'EADDRINUSE',
2025-12-31 03:25:37 +00:00:   errno: -98,
2025-12-31 03:25:37 +00:00:   syscall: 'listen',
2025-12-31 03:25:37 +00:00:   address: '::',
2025-12-31 03:25:37 +00:00:   port: 3000
2025-12-31 03:25:37 +00:00: }
2025-12-31 03:25:38 +00:00: ⨯ Failed to start server
2025-12-31 03:25:38 +00:00: Error: listen EADDRINUSE: address already in use :::3000
2025-12-31 03:25:38 +00:00:     at <unknown> (Error: listen EADDRINUSE: address already in use :::3000)
2025-12-31 03:25:38 +00:00:     at new Promise (<anonymous>) {
2025-12-31 03:25:38 +00:00:   code: 'EADDRINUSE',
2025-12-31 03:25:38 +00:00:   errno: -98,
2025-12-31 03:25:38 +00:00:   syscall: 'listen',
2025-12-31 03:25:38 +00:00:   address: '::',
2025-12-31 03:25:38 +00:00:   port: 3000
2025-12-31 03:25:38 +00:00: }
2025-12-31 03:25:38 +00:00: ⨯ Failed to start server
2025-12-31 03:25:38 +00:00: Error: listen EADDRINUSE: address already in use :::3000
2025-12-31 03:25:38 +00:00:     at <unknown> (Error: listen EADDRINUSE: address already in use :::3000)
2025-12-31 03:25:38 +00:00:     at new Promise (<anonymous>) {
2025-12-31 03:25:38 +00:00:   code: 'EADDRINUSE',
2025-12-31 03:25:38 +00:00:   errno: -98,
2025-12-31 03:25:38 +00:00:   syscall: 'listen',
2025-12-31 03:25:38 +00:00:   address: '::',
2025-12-31 03:25:38 +00:00:   port: 3000
2025-12-31 03:25:38 +00:00: }
2025-12-31 03:25:38 +00:00: ⨯ Failed to start server
2025-12-31 03:25:38 +00:00: Error: listen EADDRINUSE: address already in use :::3000
2025-12-31 03:25:38 +00:00:     at <unknown> (Error: listen EADDRINUSE: address already in use :::3000)
2025-12-31 03:25:38 +00:00:     at new Promise (<anonymous>) {
2025-12-31 03:25:38 +00:00:   code: 'EADDRINUSE',
2025-12-31 03:25:38 +00:00:   errno: -98,
2025-12-31 03:25:38 +00:00:   syscall: 'listen',
2025-12-31 03:25:38 +00:00:   address: '::',
2025-12-31 03:25:38 +00:00:   port: 3000
2025-12-31 03:25:38 +00:00: }
2025-12-31 03:25:39 +00:00: ⨯ Failed to start server
2025-12-31 03:25:39 +00:00: Error: listen EADDRINUSE: address already in use :::3000
2025-12-31 03:25:39 +00:00:     at <unknown> (Error: listen EADDRINUSE: address already in use :::3000)
2025-12-31 03:25:39 +00:00:     at new Promise (<anonymous>) {
2025-12-31 03:25:39 +00:00:   code: 'EADDRINUSE',
2025-12-31 03:25:39 +00:00:   errno: -98,
2025-12-31 03:25:39 +00:00:   syscall: 'listen',
2025-12-31 03:25:39 +00:00:   address: '::',
2025-12-31 03:25:39 +00:00:   port: 3000
2025-12-31 03:25:39 +00:00: }
2025-12-31 03:25:39 +00:00: ⨯ Failed to start server
2025-12-31 03:25:39 +00:00: Error: listen EADDRINUSE: address already in use :::3000
2025-12-31 03:25:39 +00:00:     at <unknown> (Error: listen EADDRINUSE: address already in use :::3000)
2025-12-31 03:25:39 +00:00:     at new Promise (<anonymous>) {
2025-12-31 03:25:39 +00:00:   code: 'EADDRINUSE',
2025-12-31 03:25:39 +00:00:   errno: -98,
2025-12-31 03:25:39 +00:00:   syscall: 'listen',
2025-12-31 03:25:39 +00:00:   address: '::',
2025-12-31 03:25:39 +00:00:   port: 3000
2025-12-31 03:25:39 +00:00: }
2025-12-31 03:25:40 +00:00: ⨯ Failed to start server
2025-12-31 03:25:40 +00:00: Error: listen EADDRINUSE: address already in use :::3000
2025-12-31 03:25:40 +00:00:     at <unknown> (Error: listen EADDRINUSE: address already in use :::3000)
2025-12-31 03:25:40 +00:00:     at new Promise (<anonymous>) {
2025-12-31 03:25:40 +00:00:   code: 'EADDRINUSE',
2025-12-31 03:25:40 +00:00:   errno: -98,
2025-12-31 03:25:40 +00:00:   syscall: 'listen',
2025-12-31 03:25:40 +00:00:   address: '::',
2025-12-31 03:25:40 +00:00:   port: 3000
2025-12-31 03:25:40 +00:00: }
2025-12-31 03:25:40 +00:00: ⨯ Failed to start server
2025-12-31 03:25:40 +00:00: Error: listen EADDRINUSE: address already in use :::3000
2025-12-31 03:25:40 +00:00:     at <unknown> (Error: listen EADDRINUSE: address already in use :::3000)
2025-12-31 03:25:40 +00:00:     at new Promise (<anonymous>) {
2025-12-31 03:25:40 +00:00:   code: 'EADDRINUSE',
2025-12-31 03:25:40 +00:00:   errno: -98,
2025-12-31 03:25:40 +00:00:   syscall: 'listen',
2025-12-31 03:25:40 +00:00:   address: '::',
2025-12-31 03:25:40 +00:00:   port: 3000
2025-12-31 03:25:40 +00:00: }
2025-12-31 03:25:41 +00:00: ⨯ Failed to start server
2025-12-31 03:25:41 +00:00: Error: listen EADDRINUSE: address already in use :::3000
2025-12-31 03:25:41 +00:00:     at <unknown> (Error: listen EADDRINUSE: address already in use :::3000)
2025-12-31 03:25:41 +00:00:     at new Promise (<anonymous>) {
2025-12-31 03:25:41 +00:00:   code: 'EADDRINUSE',
2025-12-31 03:25:41 +00:00:   errno: -98,
2025-12-31 03:25:41 +00:00:   syscall: 'listen',
2025-12-31 03:25:41 +00:00:   address: '::',
2025-12-31 03:25:41 +00:00:   port: 3000
2025-12-31 03:25:41 +00:00: }
2025-12-31 03:25:49 +00:00: ⨯ Failed to start server
2025-12-31 03:25:49 +00:00: Error: listen EADDRINUSE: address already in use :::3000
2025-12-31 03:25:49 +00:00:     at <unknown> (Error: listen EADDRINUSE: address already in use :::3000)
2025-12-31 03:25:49 +00:00:     at new Promise (<anonymous>) {
2025-12-31 03:25:49 +00:00:   code: 'EADDRINUSE',
2025-12-31 03:25:49 +00:00:   errno: -98,
2025-12-31 03:25:49 +00:00:   syscall: 'listen',
2025-12-31 03:25:49 +00:00:   address: '::',
2025-12-31 03:25:49 +00:00:   port: 3000
2025-12-31 03:25:49 +00:00: }
2025-12-31 03:25:50 +00:00: ⨯ Failed to start server
2025-12-31 03:25:50 +00:00: Error: listen EADDRINUSE: address already in use :::3000
2025-12-31 03:25:50 +00:00:     at <unknown> (Error: listen EADDRINUSE: address already in use :::3000)
2025-12-31 03:25:50 +00:00:     at new Promise (<anonymous>) {
2025-12-31 03:25:50 +00:00:   code: 'EADDRINUSE',
2025-12-31 03:25:50 +00:00:   errno: -98,
2025-12-31 03:25:50 +00:00:   syscall: 'listen',
2025-12-31 03:25:50 +00:00:   address: '::',
2025-12-31 03:25:50 +00:00:   port: 3000
2025-12-31 03:25:50 +00:00: }
2025-12-31 03:25:50 +00:00: ⨯ Failed to start server
2025-12-31 03:25:50 +00:00: Error: listen EADDRINUSE: address already in use :::3000
2025-12-31 03:25:50 +00:00:     at <unknown> (Error: listen EADDRINUSE: address already in use :::3000)
2025-12-31 03:25:50 +00:00:     at new Promise (<anonymous>) {
2025-12-31 03:25:50 +00:00:   code: 'EADDRINUSE',
2025-12-31 03:25:50 +00:00:   errno: -98,
2025-12-31 03:25:50 +00:00:   syscall: 'listen',
2025-12-31 03:25:50 +00:00:   address: '::',
2025-12-31 03:25:50 +00:00:   port: 3000
2025-12-31 03:25:50 +00:00: }
2025-12-31 03:25:51 +00:00: ⨯ Failed to start server
2025-12-31 03:25:51 +00:00: Error: listen EADDRINUSE: address already in use :::3000
2025-12-31 03:25:51 +00:00:     at <unknown> (Error: listen EADDRINUSE: address already in use :::3000)
2025-12-31 03:25:51 +00:00:     at new Promise (<anonymous>) {
2025-12-31 03:25:51 +00:00:   code: 'EADDRINUSE',
2025-12-31 03:25:51 +00:00:   errno: -98,
2025-12-31 03:25:51 +00:00:   syscall: 'listen',
2025-12-31 03:25:51 +00:00:   address: '::',
2025-12-31 03:25:51 +00:00:   port: 3000
2025-12-31 03:25:51 +00:00: }
2025-12-31 03:25:51 +00:00: ⨯ Failed to start server
2025-12-31 03:25:51 +00:00: Error: listen EADDRINUSE: address already in use :::3000
2025-12-31 03:25:51 +00:00:     at <unknown> (Error: listen EADDRINUSE: address already in use :::3000)
2025-12-31 03:25:51 +00:00:     at new Promise (<anonymous>) {
2025-12-31 03:25:51 +00:00:   code: 'EADDRINUSE',
2025-12-31 03:25:51 +00:00:   errno: -98,
2025-12-31 03:25:51 +00:00:   syscall: 'listen',
2025-12-31 03:25:51 +00:00:   address: '::',
2025-12-31 03:25:51 +00:00:   port: 3000
2025-12-31 03:25:51 +00:00: }
2025-12-31 03:25:52 +00:00: ⨯ Failed to start server
2025-12-31 03:25:52 +00:00: Error: listen EADDRINUSE: address already in use :::3000
2025-12-31 03:25:52 +00:00:     at <unknown> (Error: listen EADDRINUSE: address already in use :::3000)
2025-12-31 03:25:52 +00:00:     at new Promise (<anonymous>) {
2025-12-31 03:25:52 +00:00:   code: 'EADDRINUSE',
2025-12-31 03:25:52 +00:00:   errno: -98,
2025-12-31 03:25:52 +00:00:   syscall: 'listen',
2025-12-31 03:25:52 +00:00:   address: '::',
2025-12-31 03:25:52 +00:00:   port: 3000
2025-12-31 03:25:52 +00:00: }
2025-12-31 03:25:52 +00:00: ⨯ Failed to start server
2025-12-31 03:25:53 +00:00: Error: listen EADDRINUSE: address already in use :::3000
2025-12-31 03:25:53 +00:00:     at <unknown> (Error: listen EADDRINUSE: address already in use :::3000)
2025-12-31 03:25:53 +00:00:     at new Promise (<anonymous>) {
2025-12-31 03:25:53 +00:00:   code: 'EADDRINUSE',
2025-12-31 03:25:53 +00:00:   errno: -98,
2025-12-31 03:25:53 +00:00:   syscall: 'listen',
2025-12-31 03:25:53 +00:00:   address: '::',
2025-12-31 03:25:53 +00:00:   port: 3000
2025-12-31 03:25:53 +00:00: }
2025-12-31 03:25:53 +00:00: ⨯ Failed to start server
2025-12-31 03:25:53 +00:00: Error: listen EADDRINUSE: address already in use :::3000
2025-12-31 03:25:53 +00:00:     at <unknown> (Error: listen EADDRINUSE: address already in use :::3000)
2025-12-31 03:25:53 +00:00:     at new Promise (<anonymous>) {
2025-12-31 03:25:53 +00:00:   code: 'EADDRINUSE',
2025-12-31 03:25:53 +00:00:   errno: -98,
2025-12-31 03:25:53 +00:00:   syscall: 'listen',
2025-12-31 03:25:53 +00:00:   address: '::',
2025-12-31 03:25:53 +00:00:   port: 3000
2025-12-31 03:25:53 +00:00: }
2025-12-31 03:25:54 +00:00: ⨯ Failed to start server
2025-12-31 03:25:54 +00:00: Error: listen EADDRINUSE: address already in use :::3000
2025-12-31 03:25:54 +00:00:     at <unknown> (Error: listen EADDRINUSE: address already in use :::3000)
2025-12-31 03:25:54 +00:00:     at new Promise (<anonymous>) {
2025-12-31 03:25:54 +00:00:   code: 'EADDRINUSE',
2025-12-31 03:25:54 +00:00:   errno: -98,
2025-12-31 03:25:54 +00:00:   syscall: 'listen',
2025-12-31 03:25:54 +00:00:   address: '::',
2025-12-31 03:25:54 +00:00:   port: 3000
2025-12-31 03:25:54 +00:00: }
2025-12-31 03:25:54 +00:00: ⨯ Failed to start server
2025-12-31 03:25:54 +00:00: Error: listen EADDRINUSE: address already in use :::3000
2025-12-31 03:25:54 +00:00:     at <unknown> (Error: listen EADDRINUSE: address already in use :::3000)
2025-12-31 03:25:54 +00:00:     at new Promise (<anonymous>) {
2025-12-31 03:25:54 +00:00:   code: 'EADDRINUSE',
2025-12-31 03:25:54 +00:00:   errno: -98,
2025-12-31 03:25:54 +00:00:   syscall: 'listen',
2025-12-31 03:25:54 +00:00:   address: '::',
2025-12-31 03:25:54 +00:00:   port: 3000
2025-12-31 03:25:54 +00:00: }
2025-12-31 04:48:34 +00:00: Error [InvariantError]: Invariant: The client reference manifest for route "/_not-found" does not exist. This is a bug in Next.js.
2025-12-31 04:48:34 +00:00:     at Object.get (.next/server/chunks/ssr/[root-of-the-server]__0c1ef9cf._.js:1:14515)
2025-12-31 04:48:34 +00:00: ⨯ Error [InvariantError]: Invariant: The client reference manifest for route "/_not-found" does not exist. This is a bug in Next.js.
2025-12-31 04:48:34 +00:00:     at Object.get (.next/server/chunks/ssr/[root-of-the-server]__0c1ef9cf._.js:1:14515)
2025-12-31 04:48:34 +00:00: ⨯ Error [InvariantError]: Invariant: The client reference manifest for route "/_not-found" does not exist. This is a bug in Next.js.
2025-12-31 04:48:34 +00:00:     at Object.get (.next/server/chunks/ssr/[root-of-the-server]__0c1ef9cf._.js:1:14515)
2025-12-31 05:07:31 +00:00: Error [InvariantError]: Invariant: The client reference manifest for route "/_not-found" does not exist. This is a bug in Next.js.
2025-12-31 05:07:31 +00:00:     at Object.get (.next/server/chunks/ssr/[root-of-the-server]__0c1ef9cf._.js:1:14515)
2025-12-31 05:07:31 +00:00: ⨯ Error [InvariantError]: Invariant: The client reference manifest for route "/_not-found" does not exist. This is a bug in Next.js.
2025-12-31 05:07:31 +00:00:     at Object.get (.next/server/chunks/ssr/[root-of-the-server]__0c1ef9cf._.js:1:14515)
2025-12-31 05:07:31 +00:00: ⨯ Error [InvariantError]: Invariant: The client reference manifest for route "/_not-found" does not exist. This is a bug in Next.js.
2025-12-31 05:07:31 +00:00:     at Object.get (.next/server/chunks/ssr/[root-of-the-server]__0c1ef9cf._.js:1:14515)
